<?xml version="1.0" encoding="UTF-8"?>
<checkstyle version="5.5">
<file name="/home/d/workspace2/WeinsteinStars/src/main/java/edu/ncf/cs/David_Weinstein/csvReader/CSVReader.java">
<error line="0" severity="error" message="Missing package-info.java file." source="com.puppycrawl.tools.checkstyle.checks.javadoc.JavadocPackageCheck"/>
</file>
<file name="/home/d/workspace2/WeinsteinStars/src/main/java/edu/ncf/cs/David_Weinstein/csvReader/CSVReaderInterphase.java">
<error line="7" severity="error" message="Line has trailing spaces." source="com.puppycrawl.tools.checkstyle.checks.regexp.RegexpSinglelineCheck"/>
</file>
<file name="/home/d/workspace2/WeinsteinStars/src/main/java/edu/ncf/cs/David_Weinstein/WeinsteinStars/CommandHandler.java">
<error line="0" severity="error" message="Missing package-info.java file." source="com.puppycrawl.tools.checkstyle.checks.javadoc.JavadocPackageCheck"/>
<error line="16" severity="error" message="Line has trailing spaces." source="com.puppycrawl.tools.checkstyle.checks.regexp.RegexpSinglelineCheck"/>
<error line="21" column="3" severity="error" message="Missing a Javadoc comment." source="com.puppycrawl.tools.checkstyle.checks.javadoc.JavadocVariableCheck"/>
<error line="21" column="10" severity="error" message="Variable &apos;tree&apos; must be private and have accessor methods." source="com.puppycrawl.tools.checkstyle.checks.design.VisibilityModifierCheck"/>
<error line="22" column="3" severity="error" message="Missing a Javadoc comment." source="com.puppycrawl.tools.checkstyle.checks.javadoc.JavadocVariableCheck"/>
<error line="22" column="25" severity="error" message="Variable &apos;properlyNamedStars&apos; must be private and have accessor methods." source="com.puppycrawl.tools.checkstyle.checks.design.VisibilityModifierCheck"/>
<error line="26" severity="error" message="Line has trailing spaces." source="com.puppycrawl.tools.checkstyle.checks.regexp.RegexpSinglelineCheck"/>
<error line="41" column="24" severity="error" message="Name &apos;DECIMAL_NUMBER&apos; must match pattern &apos;^[a-z][a-zA-Z0-9]*$&apos;." source="com.puppycrawl.tools.checkstyle.checks.naming.MemberNameCheck"/>
<error line="45" column="24" severity="error" message="Name &apos;THREE_DECIMAL_NUMBERS&apos; must match pattern &apos;^[a-z][a-zA-Z0-9]*$&apos;." source="com.puppycrawl.tools.checkstyle.checks.naming.MemberNameCheck"/>
<error line="50" column="24" severity="error" message="Name &apos;DIGITS&apos; must match pattern &apos;^[a-z][a-zA-Z0-9]*$&apos;." source="com.puppycrawl.tools.checkstyle.checks.naming.MemberNameCheck"/>
<error line="54" column="24" severity="error" message="Name &apos;WORD_IN_QUOTES&apos; must match pattern &apos;^[a-z][a-zA-Z0-9]*$&apos;." source="com.puppycrawl.tools.checkstyle.checks.naming.MemberNameCheck"/>
<error line="59" column="24" severity="error" message="Name &apos;NEIGHBORS_LOC_STRING&apos; must match pattern &apos;^[a-z][a-zA-Z0-9]*$&apos;." source="com.puppycrawl.tools.checkstyle.checks.naming.MemberNameCheck"/>
<error line="65" column="24" severity="error" message="Name &apos;NEIGHBORS_NAME_STRING&apos; must match pattern &apos;^[a-z][a-zA-Z0-9]*$&apos;." source="com.puppycrawl.tools.checkstyle.checks.naming.MemberNameCheck"/>
<error line="70" column="24" severity="error" message="Name &apos;RADIUS_LOC_STRING&apos; must match pattern &apos;^[a-z][a-zA-Z0-9]*$&apos;." source="com.puppycrawl.tools.checkstyle.checks.naming.MemberNameCheck"/>
<error line="75" column="24" severity="error" message="Name &apos;RADIUS_NAME_STRING&apos; must match pattern &apos;^[a-z][a-zA-Z0-9]*$&apos;." source="com.puppycrawl.tools.checkstyle.checks.naming.MemberNameCheck"/>
<error line="108" severity="error" message="Line is longer than 80 characters." source="com.puppycrawl.tools.checkstyle.checks.sizes.LineLengthCheck"/>
<error line="109" column="40" severity="error" message="&apos;{&apos; is followed by whitespace." source="com.puppycrawl.tools.checkstyle.checks.whitespace.NoWhitespaceAfterCheck"/>
<error line="130" column="3" severity="error" message="Method &apos;inputLoop&apos; is not designed for extension - needs to be abstract, final or empty." source="com.puppycrawl.tools.checkstyle.checks.design.DesignForExtensionCheck"/>
<error line="239" column="3" severity="error" message="Method &apos;runCommand&apos; is not designed for extension - needs to be abstract, final or empty." source="com.puppycrawl.tools.checkstyle.checks.design.DesignForExtensionCheck"/>
<error line="255" column="52" severity="error" message="&apos;3&apos; is a magic number." source="com.puppycrawl.tools.checkstyle.checks.coding.MagicNumberCheck"/>
<error line="256" column="52" severity="error" message="&apos;4&apos; is a magic number." source="com.puppycrawl.tools.checkstyle.checks.coding.MagicNumberCheck"/>
<error line="261" severity="error" message="Line is longer than 80 characters." source="com.puppycrawl.tools.checkstyle.checks.sizes.LineLengthCheck"/>
<error line="278" column="53" severity="error" message="&apos;3&apos; is a magic number." source="com.puppycrawl.tools.checkstyle.checks.coding.MagicNumberCheck"/>
<error line="279" column="53" severity="error" message="&apos;4&apos; is a magic number." source="com.puppycrawl.tools.checkstyle.checks.coding.MagicNumberCheck"/>
<error line="290" severity="error" message="Line is longer than 80 characters." source="com.puppycrawl.tools.checkstyle.checks.sizes.LineLengthCheck"/>
</file>
<file name="/home/d/workspace2/WeinsteinStars/src/main/java/edu/ncf/cs/David_Weinstein/WeinsteinStars/Star.java">
</file>
<file name="/home/d/workspace2/WeinsteinStars/src/main/java/edu/ncf/cs/David_Weinstein/WeinsteinStars/Main.java">
<error line="35" column="1" severity="error" message="Utility classes should not have a public or default constructor." source="com.puppycrawl.tools.checkstyle.checks.design.HideUtilityClassConstructorCheck"/>
<error line="37" column="3" severity="error" message="Missing a Javadoc comment." source="com.puppycrawl.tools.checkstyle.checks.javadoc.JavadocVariableCheck"/>
<error line="38" column="29" severity="error" message="&apos;{&apos; is followed by whitespace." source="com.puppycrawl.tools.checkstyle.checks.whitespace.NoWhitespaceAfterCheck"/>
<error line="64" severity="error" message="Line is longer than 80 characters." source="com.puppycrawl.tools.checkstyle.checks.sizes.LineLengthCheck"/>
<error line="71" column="69" severity="error" message="&apos;{&apos; is followed by whitespace." source="com.puppycrawl.tools.checkstyle.checks.whitespace.NoWhitespaceAfterCheck"/>
<error line="86" severity="error" message="Missing a Javadoc comment." source="com.puppycrawl.tools.checkstyle.checks.javadoc.JavadocTypeCheck"/>
<error line="88" severity="error" message="Line is longer than 80 characters." source="com.puppycrawl.tools.checkstyle.checks.sizes.LineLengthCheck"/>
<error line="116" severity="error" message="First sentence should end with a period." source="com.puppycrawl.tools.checkstyle.checks.javadoc.JavadocStyleCheck"/>
<error line="130" column="40" severity="error" message="Expected @param tag for &apos;exception&apos;." source="com.puppycrawl.tools.checkstyle.checks.javadoc.JavadocMethodCheck"/>
<error line="130" column="65" severity="error" message="Expected @param tag for &apos;req&apos;." source="com.puppycrawl.tools.checkstyle.checks.javadoc.JavadocMethodCheck"/>
<error line="131" column="24" severity="error" message="Expected @param tag for &apos;res&apos;." source="com.puppycrawl.tools.checkstyle.checks.javadoc.JavadocMethodCheck"/>
<error line="134" column="27" severity="error" message="Inner assignments should be avoided." source="com.puppycrawl.tools.checkstyle.checks.coding.InnerAssignmentCheck"/>
</file>
<file name="/home/d/workspace2/WeinsteinStars/src/main/java/edu/ncf/cs/David_Weinstein/kdTree/NodeDistancePair.java">
<error line="0" severity="error" message="Missing package-info.java file." source="com.puppycrawl.tools.checkstyle.checks.javadoc.JavadocPackageCheck"/>
<error line="46" column="45" severity="error" message="&apos;node&apos; hides a field." source="com.puppycrawl.tools.checkstyle.checks.coding.HiddenFieldCheck"/>
<error line="65" column="49" severity="error" message="&apos;distance&apos; hides a field." source="com.puppycrawl.tools.checkstyle.checks.coding.HiddenFieldCheck"/>
<error line="76" column="3" severity="error" message="Method &apos;compareTo&apos; is not designed for extension - needs to be abstract, final or empty." source="com.puppycrawl.tools.checkstyle.checks.design.DesignForExtensionCheck"/>
<error line="87" column="3" severity="error" message="Method &apos;hashCode&apos; is not designed for extension - needs to be abstract, final or empty." source="com.puppycrawl.tools.checkstyle.checks.design.DesignForExtensionCheck"/>
<error line="99" column="3" severity="error" message="Method &apos;equals&apos; is not designed for extension - needs to be abstract, final or empty." source="com.puppycrawl.tools.checkstyle.checks.design.DesignForExtensionCheck"/>
</file>
<file name="/home/d/workspace2/WeinsteinStars/src/main/java/edu/ncf/cs/David_Weinstein/kdTree/KDTree.java">
<error line="191" column="5" severity="error" message="Got an exception - expecting EOF, found &apos;retNode&apos;" source="com.puppycrawl.tools.checkstyle.TreeWalker"/>
</file>
<file name="/home/d/workspace2/WeinsteinStars/src/main/java/edu/ncf/cs/David_Weinstein/kdTree/KDTreeTest.java">
<error line="8" severity="error" message="Missing a Javadoc comment." source="com.puppycrawl.tools.checkstyle.checks.javadoc.JavadocTypeCheck"/>
<error line="10" column="3" severity="error" message="Missing a Javadoc comment." source="com.puppycrawl.tools.checkstyle.checks.javadoc.JavadocMethodCheck"/>
<error line="14" column="3" severity="error" message="Method &apos;test&apos; is not designed for extension - needs to be abstract, final or empty." source="com.puppycrawl.tools.checkstyle.checks.design.DesignForExtensionCheck"/>
<error line="14" column="3" severity="error" message="Missing a Javadoc comment." source="com.puppycrawl.tools.checkstyle.checks.javadoc.JavadocMethodCheck"/>
</file>
<file name="/home/d/workspace2/WeinsteinStars/src/main/java/edu/ncf/cs/David_Weinstein/kdTree/KDNode.java">
<error line="7" severity="error" message="Missing a Javadoc comment." source="com.puppycrawl.tools.checkstyle.checks.javadoc.JavadocTypeCheck"/>
<error line="20" severity="error" message="First sentence should end with a period." source="com.puppycrawl.tools.checkstyle.checks.javadoc.JavadocStyleCheck"/>
<error line="45" column="3" severity="error" message="Definition of &apos;equals()&apos; without corresponding definition of &apos;hashCode()&apos;." source="com.puppycrawl.tools.checkstyle.checks.coding.EqualsHashCodeCheck"/>
<error line="45" column="3" severity="error" message="Method &apos;equals&apos; is not designed for extension - needs to be abstract, final or empty." source="com.puppycrawl.tools.checkstyle.checks.design.DesignForExtensionCheck"/>
<error line="53" severity="error" message="Line is longer than 80 characters." source="com.puppycrawl.tools.checkstyle.checks.sizes.LineLengthCheck"/>
<error line="60" severity="error" message="Line is longer than 80 characters." source="com.puppycrawl.tools.checkstyle.checks.sizes.LineLengthCheck"/>
<error line="71" severity="error" message="Expected an @return tag." source="com.puppycrawl.tools.checkstyle.checks.javadoc.JavadocMethodCheck"/>
<error line="71" column="3" severity="error" message="Method &apos;getDimensions&apos; is not designed for extension - needs to be abstract, final or empty." source="com.puppycrawl.tools.checkstyle.checks.design.DesignForExtensionCheck"/>
<error line="80" column="3" severity="error" message="Method &apos;getLocation&apos; is not designed for extension - needs to be abstract, final or empty." source="com.puppycrawl.tools.checkstyle.checks.design.DesignForExtensionCheck"/>
<error line="96" column="3" severity="error" message="Method &apos;neighborsInRange&apos; is not designed for extension - needs to be abstract, final or empty." source="com.puppycrawl.tools.checkstyle.checks.design.DesignForExtensionCheck"/>
<error line="140" column="3" severity="error" message="Method &apos;nearestNeighborRec&apos; is not designed for extension - needs to be abstract, final or empty." source="com.puppycrawl.tools.checkstyle.checks.design.DesignForExtensionCheck"/>
<error line="182" column="3" severity="error" message="Method &apos;distanceFromLocation&apos; is not designed for extension - needs to be abstract, final or empty." source="com.puppycrawl.tools.checkstyle.checks.design.DesignForExtensionCheck"/>
<error line="193" column="3" severity="error" message="Method &apos;distanceFromLocation&apos; is not designed for extension - needs to be abstract, final or empty." source="com.puppycrawl.tools.checkstyle.checks.design.DesignForExtensionCheck"/>
<error line="215" column="3" severity="error" message="Method &apos;naiveSearchForClosest&apos; is not designed for extension - needs to be abstract, final or empty." source="com.puppycrawl.tools.checkstyle.checks.design.DesignForExtensionCheck"/>
<error line="215" column="58" severity="error" message="&apos;location&apos; hides a field." source="com.puppycrawl.tools.checkstyle.checks.coding.HiddenFieldCheck"/>
<error line="216" column="7" severity="error" message="Parameter currentDimension should be final." source="com.puppycrawl.tools.checkstyle.checks.FinalParametersCheck"/>
<error line="221" severity="error" message="Line is longer than 80 characters." source="com.puppycrawl.tools.checkstyle.checks.sizes.LineLengthCheck"/>
<error line="241" column="3" severity="error" message="Method &apos;getThingStored&apos; is not designed for extension - needs to be abstract, final or empty." source="com.puppycrawl.tools.checkstyle.checks.design.DesignForExtensionCheck"/>
<error line="251" column="3" severity="error" message="Method &apos;setLeft&apos; is not designed for extension - needs to be abstract, final or empty." source="com.puppycrawl.tools.checkstyle.checks.design.DesignForExtensionCheck"/>
<error line="261" column="3" severity="error" message="Method &apos;setRight&apos; is not designed for extension - needs to be abstract, final or empty." source="com.puppycrawl.tools.checkstyle.checks.design.DesignForExtensionCheck"/>
<error line="272" column="3" severity="error" message="Method &apos;getCoordAtDimension&apos; is not designed for extension - needs to be abstract, final or empty." source="com.puppycrawl.tools.checkstyle.checks.design.DesignForExtensionCheck"/>
<error line="281" column="3" severity="error" message="Method &apos;getCoordAtSplitDimension&apos; is not designed for extension - needs to be abstract, final or empty." source="com.puppycrawl.tools.checkstyle.checks.design.DesignForExtensionCheck"/>
<error line="318" column="44" severity="error" message="&apos;parent&apos; hides a field." source="com.puppycrawl.tools.checkstyle.checks.coding.HiddenFieldCheck"/>
<error line="337" column="52" severity="error" message="&apos;splitDimension&apos; hides a field." source="com.puppycrawl.tools.checkstyle.checks.coding.HiddenFieldCheck"/>
</file>
<file name="/home/d/workspace2/WeinsteinStars/src/test/java/edu/ncf/cs/David_Weinstein/kdTree/KDNodeTest.java">
<error line="0" severity="error" message="File does not end with a newline." source="com.puppycrawl.tools.checkstyle.checks.NewlineAtEndOfFileCheck"/>
<error line="0" severity="error" message="Missing package-info.java file." source="com.puppycrawl.tools.checkstyle.checks.javadoc.JavadocPackageCheck"/>
</file>
</checkstyle>
